<?xml version="1.0" encoding="UTF-8"?>
<!-- Generated by org.testng.reporters.JUnitXMLReporter -->
<testsuite hostname="Atits-MacBook-Air.local" ignored="0" name="Test" tests="1" failures="1" timestamp="2020-09-02T15:21:27 EDT" time="20.264" errors="0">
  <testcase name="verfiyTotalCasesCount" time="8.112" classname="com.seleniumautomation.tests.CoronaVirusIndiaCasesTest">
    <failure type="java.lang.AssertionError" message="expected:&amp;lt;3769523&amp;gt; but was:&amp;lt;668686&amp;gt;">
      <![CDATA[java.lang.AssertionError: expected:<3769523> but was:<668686>
at com.seleniumautomation.tests.CoronaVirusIndiaCasesTest.verfiyTotalCasesCount(CoronaVirusIndiaCasesTest.java:36)
at java.util.ArrayList.forEach(ArrayList.java:1257)
... Removed 32 stack frames]]>
    </failure>
  </testcase> <!-- verfiyTotalCasesCount -->
</testsuite> <!-- Test -->
